<?xml version="1.0" encoding="UTF-8"?>
<!-- Generated by org.testng.reporters.JUnitReportReporter -->
<testsuite hostname="RBGANGAD-IN" failures="0" tests="2" name="com.oracle.appbundlers.tests.functionality.AppCDSInstallTest" time="152.430" errors="0" timestamp="30 Jun 2016 07:01:42 GMT">
  <testcase classname="com.oracle.appbundlers.tests.functionality.AppCDSInstallTest" name="runTest" time="82.198"/>
  <testcase classname="com.oracle.appbundlers.tests.functionality.AppCDSInstallTest" name="runTest" time="70.232"/>
</testsuite> <!-- com.oracle.appbundlers.tests.functionality.AppCDSInstallTest -->
