<?xml version="1.0" encoding="UTF-8"?>
<!-- Generated by org.testng.reporters.JUnitReportReporter -->
<testsuite hostname="RBGANGAD-IN" name="com.oracle.appbundlers.tests.functionality.jdk9test.AddModuleTest" tests="1" failures="0" timestamp="5 Jul 2016 08:35:03 GMT" time="0.010" errors="0">
  <testcase name="runTest" time="0.010" classname="com.oracle.appbundlers.tests.functionality.jdk9test.AddModuleTest"/>
</testsuite> <!-- com.oracle.appbundlers.tests.functionality.jdk9test.AddModuleTest -->
