<?xml version="1.0" encoding="UTF-8"?>
<!-- Generated by org.testng.reporters.JUnitReportReporter -->
<testsuite hostname="RBGANGAD-IN" failures="0" tests="2" name="com.oracle.appbundlers.tests.functionality.LicenseFileTest" time="118.447" errors="0" timestamp="30 Jun 2016 07:01:42 GMT">
  <testcase classname="com.oracle.appbundlers.tests.functionality.LicenseFileTest" name="runTest" time="51.517"/>
  <testcase classname="com.oracle.appbundlers.tests.functionality.LicenseFileTest" name="runTest" time="66.930"/>
</testsuite> <!-- com.oracle.appbundlers.tests.functionality.LicenseFileTest -->
