<?xml version="1.0" encoding="UTF-8"?>
<!-- Generated by org.testng.reporters.JUnitReportReporter -->
<testsuite hostname="RBGANGAD-IN" failures="0" tests="1" name="com.oracle.appbundlers.tests.functionality.AppCDSCustomClassesTest" time="88.732" errors="0" timestamp="30 Jun 2016 07:01:42 GMT">
  <testcase classname="com.oracle.appbundlers.tests.functionality.AppCDSCustomClassesTest" name="runTest" time="88.732"/>
</testsuite> <!-- com.oracle.appbundlers.tests.functionality.AppCDSCustomClassesTest -->
