<?xml version="1.0" encoding="UTF-8"?>
<!-- Generated by org.testng.reporters.JUnitReportReporter -->
<testsuite hostname="RBGANGAD-IN" name="com.oracle.appbundlers.tests.functionality.SimpleExecutablesTest" tests="1" failures="0" timestamp="6 Jul 2016 14:32:15 GMT" time="71.051" errors="0">
  <testcase name="runTest" time="71.051" classname="com.oracle.appbundlers.tests.functionality.SimpleExecutablesTest"/>
</testsuite> <!-- com.oracle.appbundlers.tests.functionality.SimpleExecutablesTest -->
