<?xml version="1.0" encoding="UTF-8"?>
<!-- Generated by org.testng.reporters.JUnitReportReporter -->
<testsuite hostname="RBGANGAD-IN" failures="0" tests="1" name="com.oracle.appbundlers.tests.functionality.DefaultClassPathTest" time="76.069" errors="0" timestamp="1 Jul 2016 07:51:43 GMT">
  <testcase classname="com.oracle.appbundlers.tests.functionality.DefaultClassPathTest" name="runTest" time="76.069"/>
</testsuite> <!-- com.oracle.appbundlers.tests.functionality.DefaultClassPathTest -->
