<?xml version="1.0" encoding="UTF-8"?>
<!-- Generated by org.testng.reporters.JUnitReportReporter -->
<testsuite hostname="RBGANGAD-IN" failures="0" tests="2" name="com.oracle.appbundlers.tests.functionality.SystemWideTest" time="131.989" errors="0" timestamp="30 Jun 2016 07:01:42 GMT">
  <testcase classname="com.oracle.appbundlers.tests.functionality.SystemWideTest" name="runTest" time="72.468"/>
  <testcase classname="com.oracle.appbundlers.tests.functionality.SystemWideTest" name="runTest" time="59.521"/>
</testsuite> <!-- com.oracle.appbundlers.tests.functionality.SystemWideTest -->
