<?xml version="1.0" encoding="UTF-8"?>
<!-- Generated by org.testng.reporters.JUnitReportReporter -->
<testsuite hostname="RBGANGAD-IN" failures="0" tests="1" name="com.oracle.appbundlers.tests.functionality.UserFriendlyJvmOptionsTest" time="81.262" errors="0" timestamp="30 Jun 2016 11:03:26 GMT">
  <testcase classname="com.oracle.appbundlers.tests.functionality.UserFriendlyJvmOptionsTest" name="runTest" time="81.262"/>
</testsuite> <!-- com.oracle.appbundlers.tests.functionality.UserFriendlyJvmOptionsTest -->
