<?xml version="1.0" encoding="UTF-8"?>
<!-- Generated by org.testng.reporters.JUnitReportReporter -->
<testsuite hostname="RBGANGAD-IN" failures="0" tests="1" name="com.oracle.appbundlers.tests.functionality.MainClassTest" time="64.493" errors="0" timestamp="30 Jun 2016 07:01:42 GMT">
  <testcase classname="com.oracle.appbundlers.tests.functionality.MainClassTest" name="runTest" time="64.493"/>
</testsuite> <!-- com.oracle.appbundlers.tests.functionality.MainClassTest -->
