<?xml version="1.0" encoding="UTF-8"?>
<!-- Generated by org.testng.reporters.JUnitReportReporter -->
<testsuite hostname="RBGANGAD-IN" failures="0" tests="2" name="com.oracle.appbundlers.tests.functionality.InstallDirTest" time="114.655" errors="0" timestamp="30 Jun 2016 07:01:42 GMT">
  <testcase classname="com.oracle.appbundlers.tests.functionality.InstallDirTest" name="runTest" time="63.357"/>
  <testcase classname="com.oracle.appbundlers.tests.functionality.InstallDirTest" name="runTest" time="51.298"/>
</testsuite> <!-- com.oracle.appbundlers.tests.functionality.InstallDirTest -->
