<?xml version="1.0" encoding="UTF-8"?>
<!-- Generated by org.testng.reporters.JUnitReportReporter -->
<testsuite hostname="RBGANGAD-IN" failures="0" tests="1" name="com.oracle.appbundlers.tests.functionality.AppInfoParametersTest" time="79.424" errors="0" timestamp="30 Jun 2016 07:01:42 GMT">
  <testcase classname="com.oracle.appbundlers.tests.functionality.AppInfoParametersTest" name="runTest" time="79.424"/>
</testsuite> <!-- com.oracle.appbundlers.tests.functionality.AppInfoParametersTest -->
