<?xml version="1.0" encoding="UTF-8"?>
<!-- Generated by org.testng.reporters.JUnitReportReporter -->
<testsuite hostname="RBGANGAD-IN" failures="0" tests="1" name="com.oracle.appbundlers.tests.functionality.JvmOptionsTest" time="70.547" errors="0" timestamp="30 Jun 2016 07:01:42 GMT">
  <testcase classname="com.oracle.appbundlers.tests.functionality.JvmOptionsTest" name="runTest" time="70.547"/>
</testsuite> <!-- com.oracle.appbundlers.tests.functionality.JvmOptionsTest -->
